# JRE version: Java(TM) SE Runtime Environment (8.0_191-b12) (build 1.8.0_191-b12)
# Java VM: Java HotSpot(TM) 64-Bit Server VM (25.191-b12 mixed mode windows-amd64 compressed oops)
Heap:
 PSYoungGen      total 484352K, used 337164K [0x00000000e0000000, 0x0000000100000000, 0x0000000100000000)
  eden space 457728K, 67% used [0x00000000e0000000,0x00000000f2f443c8,0x00000000fbf00000)
  from space 26624K, 99% used [0x00000000fe600000,0x00000000ffffecd8,0x0000000100000000)
  to   space 33280K, 0% used [0x00000000fbf00000,0x00000000fbf00000,0x00000000fdf80000)
 ParOldGen       total 123392K, used 44817K [0x00000000a0000000, 0x00000000a7880000, 0x00000000e0000000)
  object space 123392K, 36% used [0x00000000a0000000,0x00000000a2bc45b0,0x00000000a7880000)
 Metaspace       used 86768K, capacity 91496K, committed 91736K, reserved 1128448K
  class space    used 11507K, capacity 12366K, committed 12416K, reserved 1048576K
GC Heap History (10 events):
Event: 23.418 GC heap before
{Heap before GC invocations=17 (full 2):
 PSYoungGen      total 508416K, used 493568K [0x00000000e0000000, 0x0000000100000000, 0x0000000100000000)
  eden space 493568K, 100% used [0x00000000e0000000,0x00000000fe200000,0x00000000fe200000)
  from space 14848K, 0% used [0x00000000ff180000,0x00000000ff180000,0x0000000100000000)
  to   space 15360K, 0% used [0x00000000fe200000,0x00000000fe200000,0x00000000ff100000)
 ParOldGen       total 81408K, used 14838K [0x00000000a0000000, 0x00000000a4f80000, 0x00000000e0000000)
  object space 81408K, 18% used [0x00000000a0000000,0x00000000a0e7dba8,0x00000000a4f80000)
 Metaspace       used 46879K, capacity 48098K, committed 48216K, reserved 1091584K
  class space    used 6180K, capacity 6506K, committed 6528K, reserved 1048576K
Event: 23.440 GC heap after
Heap after GC invocations=17 (full 2):
 PSYoungGen      total 508928K, used 15331K [0x00000000e0000000, 0x0000000100000000, 0x0000000100000000)
  eden space 493568K, 0% used [0x00000000e0000000,0x00000000e0000000,0x00000000fe200000)
  from space 15360K, 99% used [0x00000000fe200000,0x00000000ff0f8e20,0x00000000ff100000)
  to   space 15360K, 0% used [0x00000000ff100000,0x00000000ff100000,0x0000000100000000)
 ParOldGen       total 81408K, used 18576K [0x00000000a0000000, 0x00000000a4f80000, 0x00000000e0000000)
  object space 81408K, 22% used [0x00000000a0000000,0x00000000a1224278,0x00000000a4f80000)
 Metaspace       used 46879K, capacity 48098K, committed 48216K, reserved 1091584K
  class space    used 6180K, capacity 6506K, committed 6528K, reserved 1048576K
}
Event: 26.012 GC heap before
{Heap before GC invocations=18 (full 2):
 PSYoungGen      total 508928K, used 474222K [0x00000000e0000000, 0x0000000100000000, 0x0000000100000000)
  eden space 493568K, 92% used [0x00000000e0000000,0x00000000fc022b18,0x00000000fe200000)
  from space 15360K, 99% used [0x00000000fe200000,0x00000000ff0f8e20,0x00000000ff100000)
  to   space 15360K, 0% used [0x00000000ff100000,0x00000000ff100000,0x0000000100000000)
 ParOldGen       total 81408K, used 18576K [0x00000000a0000000, 0x00000000a4f80000, 0x00000000e0000000)
  object space 81408K, 22% used [0x00000000a0000000,0x00000000a1224278,0x00000000a4f80000)
 Metaspace       used 57407K, capacity 59002K, committed 59028K, reserved 1099776K
  class space    used 7546K, capacity 7915K, committed 7936K, reserved 1048576K
Event: 26.040 GC heap after
Heap after GC invocations=18 (full 2):
 PSYoungGen      total 490496K, used 15340K [0x00000000e0000000, 0x0000000100000000, 0x0000000100000000)
  eden space 475136K, 0% used [0x00000000e0000000,0x00000000e0000000,0x00000000fd000000)
  from space 15360K, 99% used [0x00000000ff100000,0x00000000ffffb3f0,0x0000000100000000)
  to   space 24576K, 0% used [0x00000000fd000000,0x00000000fd000000,0x00000000fe800000)
 ParOldGen       total 81408K, used 29395K [0x00000000a0000000, 0x00000000a4f80000, 0x00000000e0000000)
  object space 81408K, 36% used [0x00000000a0000000,0x00000000a1cb4c18,0x00000000a4f80000)
 Metaspace       used 57407K, capacity 59002K, committed 59028K, reserved 1099776K
  class space    used 7546K, capacity 7915K, committed 7936K, reserved 1048576K
}
Event: 26.040 GC heap before
{Heap before GC invocations=19 (full 3):
 PSYoungGen      total 490496K, used 15340K [0x00000000e0000000, 0x0000000100000000, 0x0000000100000000)
  eden space 475136K, 0% used [0x00000000e0000000,0x00000000e0000000,0x00000000fd000000)
  from space 15360K, 99% used [0x00000000ff100000,0x00000000ffffb3f0,0x0000000100000000)
  to   space 24576K, 0% used [0x00000000fd000000,0x00000000fd000000,0x00000000fe800000)
 ParOldGen       total 81408K, used 29395K [0x00000000a0000000, 0x00000000a4f80000, 0x00000000e0000000)
  object space 81408K, 36% used [0x00000000a0000000,0x00000000a1cb4c18,0x00000000a4f80000)
 Metaspace       used 57407K, capacity 59002K, committed 59028K, reserved 1099776K
  class space    used 7546K, capacity 7915K, committed 7936K, reserved 1048576K
Event: 26.270 GC heap after
Heap after GC invocations=19 (full 3):
 PSYoungGen      total 490496K, used 0K [0x00000000e0000000, 0x0000000100000000, 0x0000000100000000)
  eden space 475136K, 0% used [0x00000000e0000000,0x00000000e0000000,0x00000000fd000000)
  from space 15360K, 0% used [0x00000000ff100000,0x00000000ff100000,0x0000000100000000)
  to   space 24576K, 0% used [0x00000000fd000000,0x00000000fd000000,0x00000000fe800000)
 ParOldGen       total 123392K, used 38868K [0x00000000a0000000, 0x00000000a7880000, 0x00000000e0000000)
  object space 123392K, 31% used [0x00000000a0000000,0x00000000a25f5360,0x00000000a7880000)
 Metaspace       used 57296K, capacity 58720K, committed 59028K, reserved 1099776K
  class space    used 7516K, capacity 7876K, committed 7936K, reserved 1048576K
}
Event: 38.994 GC heap before
{Heap before GC invocations=20 (full 3):
 PSYoungGen      total 490496K, used 475136K [0x00000000e0000000, 0x0000000100000000, 0x0000000100000000)
  eden space 475136K, 100% used [0x00000000e0000000,0x00000000fd000000,0x00000000fd000000)
  from space 15360K, 0% used [0x00000000ff100000,0x00000000ff100000,0x0000000100000000)
  to   space 24576K, 0% used [0x00000000fd000000,0x00000000fd000000,0x00000000fe800000)
 ParOldGen       total 123392K, used 38868K [0x00000000a0000000, 0x00000000a7880000, 0x00000000e0000000)
  object space 123392K, 31% used [0x00000000a0000000,0x00000000a25f5360,0x00000000a7880000)
 Metaspace       used 72955K, capacity 75256K, committed 75480K, reserved 1114112K
  class space    used 9828K, capacity 10371K, committed 10496K, reserved 1048576K
Event: 39.019 GC heap after
Heap after GC invocations=20 (full 3):
 PSYoungGen      total 495616K, used 20436K [0x00000000e0000000, 0x0000000100000000, 0x0000000100000000)
  eden space 475136K, 0% used [0x00000000e0000000,0x00000000e0000000,0x00000000fd000000)
  from space 20480K, 99% used [0x00000000fd000000,0x00000000fe3f5070,0x00000000fe400000)
  to   space 26624K, 0% used [0x00000000fe600000,0x00000000fe600000,0x0000000100000000)
 ParOldGen       total 123392K, used 38876K [0x00000000a0000000, 0x00000000a7880000, 0x00000000e0000000)
  object space 123392K, 31% used [0x00000000a0000000,0x00000000a25f7360,0x00000000a7880000)
 Metaspace       used 72955K, capacity 75256K, committed 75480K, reserved 1114112K
  class space    used 9828K, capacity 10371K, committed 10496K, reserved 1048576K
}
Event: 42.991 GC heap before
{Heap before GC invocations=21 (full 3):
 PSYoungGen      total 495616K, used 495572K [0x00000000e0000000, 0x0000000100000000, 0x0000000100000000)
  eden space 475136K, 100% used [0x00000000e0000000,0x00000000fd000000,0x00000000fd000000)
  from space 20480K, 99% used [0x00000000fd000000,0x00000000fe3f5070,0x00000000fe400000)
  to   space 26624K, 0% used [0x00000000fe600000,0x00000000fe600000,0x0000000100000000)
 ParOldGen       total 123392K, used 38876K [0x00000000a0000000, 0x00000000a7880000, 0x00000000e0000000)
  object space 123392K, 31% used [0x00000000a0000000,0x00000000a25f7360,0x00000000a7880000)
 Metaspace       used 79827K, capacity 83916K, committed 84056K, reserved 1122304K
  class space    used 10809K, capacity 11567K, committed 11648K, reserved 1048576K
Event: 43.026 GC heap after
Heap after GC invocations=21 (full 3):
 PSYoungGen      total 484352K, used 26619K [0x00000000e0000000, 0x0000000100000000, 0x0000000100000000)
  eden space 457728K, 0% used [0x00000000e0000000,0x00000000e0000000,0x00000000fbf00000)
  from space 26624K, 99% used [0x00000000fe600000,0x00000000ffffecd8,0x0000000100000000)
  to   space 33280K, 0% used [0x00000000fbf00000,0x00000000fbf00000,0x00000000fdf80000)
 ParOldGen       total 123392K, used 44817K [0x00000000a0000000, 0x00000000a7880000, 0x00000000e0000000)
  object space 123392K, 36% used [0x00000000a0000000,0x00000000a2bc45b0,0x00000000a7880000)
 Metaspace       used 79827K, capacity 83916K, committed 84056K, reserved 1122304K
  class space    used 10809K, capacity 11567K, committed 11648K, reserved 1048576K
}

